Determining if the pthread_create exist failed with the following output:
Change Dir: /home/agi2_drone/catkin_ws/src/agilicious_internal/agiros/agiros/launch/drone_agi/autonomous_ws/build/CMakeFiles/CMakeTmp

Run Build Command:"/usr/bin/make" "cmTC_a5e52/fast"
/usr/bin/make -f CMakeFiles/cmTC_a5e52.dir/build.make CMakeFiles/cmTC_a5e52.dir/build
make[1]: Entering directory '/home/agi2_drone/catkin_ws/src/agilicious_internal/agiros/agiros/launch/drone_agi/autonomous_ws/build/CMakeFiles/CMakeTmp'
Building C object CMakeFiles/cmTC_a5e52.dir/CheckSymbolExists.c.o
/usr/bin/cc    -o CMakeFiles/cmTC_a5e52.dir/CheckSymbolExists.c.o   -c /home/agi2_drone/catkin_ws/src/agilicious_internal/agiros/agiros/launch/drone_agi/autonomous_ws/build/CMakeFiles/CMakeTmp/CheckSymbolExists.c
Linking C executable cmTC_a5e52
/usr/bin/cmake -E cmake_link_script CMakeFiles/cmTC_a5e52.dir/link.txt --verbose=1
/usr/bin/cc      -rdynamic CMakeFiles/cmTC_a5e52.dir/CheckSymbolExists.c.o  -o cmTC_a5e52 
CMakeFiles/cmTC_a5e52.dir/CheckSymbolExists.c.o: In function `main':
CheckSymbolExists.c:(.text+0x14): undefined reference to `pthread_create'
CheckSymbolExists.c:(.text+0x18): undefined reference to `pthread_create'
collect2: error: ld returned 1 exit status
CMakeFiles/cmTC_a5e52.dir/build.make:97: recipe for target 'cmTC_a5e52' failed
make[1]: *** [cmTC_a5e52] Error 1
make[1]: Leaving directory '/home/agi2_drone/catkin_ws/src/agilicious_internal/agiros/agiros/launch/drone_agi/autonomous_ws/build/CMakeFiles/CMakeTmp'
Makefile:126: recipe for target 'cmTC_a5e52/fast' failed
make: *** [cmTC_a5e52/fast] Error 2

File /home/agi2_drone/catkin_ws/src/agilicious_internal/agiros/agiros/launch/drone_agi/autonomous_ws/build/CMakeFiles/CMakeTmp/CheckSymbolExists.c:
/* */
#include <pthread.h>

int main(int argc, char** argv)
{
  (void)argv;
#ifndef pthread_create
  return ((int*)(&pthread_create))[argc];
#else
  (void)argc;
  return 0;
#endif
}

Determining if the function pthread_create exists in the pthreads failed with the following output:
Change Dir: /home/agi2_drone/catkin_ws/src/agilicious_internal/agiros/agiros/launch/drone_agi/autonomous_ws/build/CMakeFiles/CMakeTmp

Run Build Command:"/usr/bin/make" "cmTC_67c26/fast"
/usr/bin/make -f CMakeFiles/cmTC_67c26.dir/build.make CMakeFiles/cmTC_67c26.dir/build
make[1]: Entering directory '/home/agi2_drone/catkin_ws/src/agilicious_internal/agiros/agiros/launch/drone_agi/autonomous_ws/build/CMakeFiles/CMakeTmp'
Building C object CMakeFiles/cmTC_67c26.dir/CheckFunctionExists.c.o
/usr/bin/cc   -DCHECK_FUNCTION_EXISTS=pthread_create   -o CMakeFiles/cmTC_67c26.dir/CheckFunctionExists.c.o   -c /usr/share/cmake-3.10/Modules/CheckFunctionExists.c
Linking C executable cmTC_67c26
/usr/bin/cmake -E cmake_link_script CMakeFiles/cmTC_67c26.dir/link.txt --verbose=1
/usr/bin/cc  -DCHECK_FUNCTION_EXISTS=pthread_create    -rdynamic CMakeFiles/cmTC_67c26.dir/CheckFunctionExists.c.o  -o cmTC_67c26 -lpthreads 
/usr/bin/ld: cannot find -lpthreads
collect2: error: ld returned 1 exit status
CMakeFiles/cmTC_67c26.dir/build.make:97: recipe for target 'cmTC_67c26' failed
make[1]: *** [cmTC_67c26] Error 1
make[1]: Leaving directory '/home/agi2_drone/catkin_ws/src/agilicious_internal/agiros/agiros/launch/drone_agi/autonomous_ws/build/CMakeFiles/CMakeTmp'
Makefile:126: recipe for target 'cmTC_67c26/fast' failed
make: *** [cmTC_67c26/fast] Error 2


